2025/05/12 03:54:54 [notice] 1#1: using the "epoll" event method
2025/05/12 03:54:54 [notice] 1#1: nginx/1.28.0
2025/05/12 03:54:54 [notice] 1#1: built by gcc 14.2.0 (Alpine 14.2.0) 
2025/05/12 03:54:54 [notice] 1#1: OS: Linux 6.8.0-59-generic
2025/05/12 03:54:54 [notice] 1#1: getrlimit(RLIMIT_NOFILE): 1048576:1048576
2025/05/12 03:54:54 [notice] 1#1: start worker processes
2025/05/12 03:54:54 [notice] 1#1: start worker process 30
2025/05/12 03:54:54 [notice] 1#1: start worker process 31
2025/05/12 03:54:54 [notice] 1#1: start worker process 32
2025/05/12 03:54:54 [notice] 1#1: start worker process 33
2025/05/12 03:54:54 [notice] 1#1: start worker process 34
2025/05/12 03:54:54 [notice] 1#1: start worker process 35
2025/05/12 03:54:54 [notice] 1#1: start worker process 36
2025/05/12 03:54:54 [notice] 1#1: start worker process 37
2025/05/12 03:54:54 [notice] 1#1: start worker process 38
2025/05/12 03:54:54 [notice] 1#1: start worker process 39
2025/05/12 03:59:35 [notice] 1#1: signal 3 (SIGQUIT) received, shutting down
2025/05/12 03:59:35 [notice] 30#30: gracefully shutting down
2025/05/12 03:59:35 [notice] 31#31: gracefully shutting down
2025/05/12 03:59:35 [notice] 32#32: gracefully shutting down
2025/05/12 03:59:35 [notice] 33#33: gracefully shutting down
2025/05/12 03:59:35 [notice] 34#34: gracefully shutting down
2025/05/12 03:59:35 [notice] 35#35: gracefully shutting down
2025/05/12 03:59:35 [notice] 30#30: exiting
2025/05/12 03:59:35 [notice] 36#36: gracefully shutting down
2025/05/12 03:59:35 [notice] 31#31: exiting
2025/05/12 03:59:35 [notice] 32#32: exiting
2025/05/12 03:59:35 [notice] 37#37: gracefully shutting down
2025/05/12 03:59:35 [notice] 39#39: gracefully shutting down
2025/05/12 03:59:35 [notice] 34#34: exiting
2025/05/12 03:59:35 [notice] 33#33: exiting
2025/05/12 03:59:35 [notice] 35#35: exiting
2025/05/12 03:59:35 [notice] 36#36: exiting
2025/05/12 03:59:35 [notice] 37#37: exiting
2025/05/12 03:59:35 [notice] 39#39: exiting
2025/05/12 03:59:35 [notice] 38#38: gracefully shutting down
2025/05/12 03:59:35 [notice] 38#38: exiting
2025/05/12 03:59:35 [notice] 30#30: exit
2025/05/12 03:59:35 [notice] 34#34: exit
2025/05/12 03:59:35 [notice] 33#33: exit
2025/05/12 03:59:35 [notice] 35#35: exit
2025/05/12 03:59:35 [notice] 32#32: exit
2025/05/12 03:59:35 [notice] 38#38: exit
2025/05/12 03:59:35 [notice] 31#31: exit
2025/05/12 03:59:35 [notice] 37#37: exit
2025/05/12 03:59:35 [notice] 36#36: exit
2025/05/12 03:59:35 [notice] 39#39: exit
2025/05/12 03:59:35 [notice] 1#1: signal 17 (SIGCHLD) received from 35
2025/05/12 03:59:35 [notice] 1#1: worker process 35 exited with code 0
2025/05/12 03:59:35 [notice] 1#1: signal 29 (SIGIO) received
2025/05/12 03:59:35 [notice] 1#1: signal 17 (SIGCHLD) received from 34
2025/05/12 03:59:35 [notice] 1#1: worker process 34 exited with code 0
2025/05/12 03:59:35 [notice] 1#1: signal 29 (SIGIO) received
2025/05/12 03:59:35 [notice] 1#1: signal 17 (SIGCHLD) received from 38
2025/05/12 03:59:35 [notice] 1#1: worker process 38 exited with code 0
2025/05/12 03:59:35 [notice] 1#1: worker process 39 exited with code 0
2025/05/12 03:59:35 [notice] 1#1: signal 29 (SIGIO) received
2025/05/12 03:59:35 [notice] 1#1: signal 17 (SIGCHLD) received from 39
2025/05/12 03:59:35 [notice] 1#1: signal 17 (SIGCHLD) received from 36
2025/05/12 03:59:35 [notice] 1#1: worker process 36 exited with code 0
2025/05/12 03:59:35 [notice] 1#1: signal 29 (SIGIO) received
2025/05/12 03:59:35 [notice] 1#1: signal 17 (SIGCHLD) received from 32
2025/05/12 03:59:35 [notice] 1#1: worker process 32 exited with code 0
2025/05/12 03:59:35 [notice] 1#1: signal 29 (SIGIO) received
2025/05/12 03:59:35 [notice] 1#1: signal 17 (SIGCHLD) received from 37
2025/05/12 03:59:35 [notice] 1#1: worker process 37 exited with code 0
2025/05/12 03:59:35 [notice] 1#1: signal 29 (SIGIO) received
2025/05/12 03:59:35 [notice] 1#1: signal 17 (SIGCHLD) received from 30
2025/05/12 03:59:35 [notice] 1#1: worker process 30 exited with code 0
2025/05/12 03:59:35 [notice] 1#1: signal 29 (SIGIO) received
2025/05/12 03:59:35 [notice] 1#1: signal 17 (SIGCHLD) received from 31
2025/05/12 03:59:35 [notice] 1#1: worker process 31 exited with code 0
2025/05/12 03:59:35 [notice] 1#1: signal 29 (SIGIO) received
2025/05/12 03:59:35 [notice] 1#1: signal 17 (SIGCHLD) received from 33
2025/05/12 03:59:35 [notice] 1#1: worker process 33 exited with code 0
2025/05/12 03:59:35 [notice] 1#1: exit
2025/05/12 04:03:32 [notice] 1#1: using the "epoll" event method
2025/05/12 04:03:32 [notice] 1#1: nginx/1.28.0
2025/05/12 04:03:32 [notice] 1#1: built by gcc 14.2.0 (Alpine 14.2.0) 
2025/05/12 04:03:32 [notice] 1#1: OS: Linux 6.8.0-59-generic
2025/05/12 04:03:32 [notice] 1#1: getrlimit(RLIMIT_NOFILE): 1048576:1048576
2025/05/12 04:03:32 [notice] 1#1: start worker processes
2025/05/12 04:03:32 [notice] 1#1: start worker process 30
2025/05/12 04:03:32 [notice] 1#1: start worker process 31
2025/05/12 04:03:32 [notice] 1#1: start worker process 32
2025/05/12 04:03:32 [notice] 1#1: start worker process 33
2025/05/12 04:03:32 [notice] 1#1: start worker process 34
2025/05/12 04:03:32 [notice] 1#1: start worker process 35
2025/05/12 04:03:32 [notice] 1#1: start worker process 36
2025/05/12 04:03:32 [notice] 1#1: start worker process 37
2025/05/12 04:03:32 [notice] 1#1: start worker process 38
2025/05/12 04:03:32 [notice] 1#1: start worker process 39
2025/05/12 04:24:32 [notice] 1#1: signal 3 (SIGQUIT) received, shutting down
2025/05/12 04:24:32 [notice] 30#30: gracefully shutting down
2025/05/12 04:24:32 [notice] 31#31: gracefully shutting down
2025/05/12 04:24:32 [notice] 33#33: gracefully shutting down
2025/05/12 04:24:32 [notice] 34#34: gracefully shutting down
2025/05/12 04:24:32 [notice] 31#31: exiting
2025/05/12 04:24:32 [notice] 32#32: gracefully shutting down
2025/05/12 04:24:32 [notice] 30#30: exiting
2025/05/12 04:24:32 [notice] 33#33: exiting
2025/05/12 04:24:32 [notice] 35#35: gracefully shutting down
2025/05/12 04:24:32 [notice] 37#37: gracefully shutting down
2025/05/12 04:24:32 [notice] 36#36: gracefully shutting down
2025/05/12 04:24:32 [notice] 34#34: exiting
2025/05/12 04:24:32 [notice] 38#38: gracefully shutting down
2025/05/12 04:24:32 [notice] 32#32: exiting
2025/05/12 04:24:32 [notice] 35#35: exiting
2025/05/12 04:24:32 [notice] 37#37: exiting
2025/05/12 04:24:32 [notice] 36#36: exiting
2025/05/12 04:24:32 [notice] 38#38: exiting
2025/05/12 04:24:32 [notice] 39#39: gracefully shutting down
2025/05/12 04:24:32 [notice] 39#39: exiting
2025/05/12 04:24:32 [notice] 33#33: exit
2025/05/12 04:24:32 [notice] 31#31: exit
2025/05/12 04:24:32 [notice] 30#30: exit
2025/05/12 04:24:32 [notice] 34#34: exit
2025/05/12 04:24:32 [notice] 35#35: exit
2025/05/12 04:24:32 [notice] 36#36: exit
2025/05/12 04:24:32 [notice] 37#37: exit
2025/05/12 04:24:32 [notice] 38#38: exit
2025/05/12 04:24:32 [notice] 32#32: exit
2025/05/12 04:24:32 [notice] 39#39: exit
2025/05/12 04:24:32 [notice] 1#1: signal 17 (SIGCHLD) received from 31
2025/05/12 04:24:32 [notice] 1#1: worker process 31 exited with code 0
2025/05/12 04:24:32 [notice] 1#1: signal 29 (SIGIO) received
2025/05/12 04:24:32 [notice] 1#1: signal 17 (SIGCHLD) received from 35
2025/05/12 04:24:32 [notice] 1#1: worker process 32 exited with code 0
2025/05/12 04:24:32 [notice] 1#1: worker process 33 exited with code 0
2025/05/12 04:24:32 [notice] 1#1: worker process 35 exited with code 0
2025/05/12 04:24:32 [notice] 1#1: worker process 39 exited with code 0
2025/05/12 04:24:32 [notice] 1#1: signal 29 (SIGIO) received
2025/05/12 04:24:32 [notice] 1#1: signal 17 (SIGCHLD) received from 33
2025/05/12 04:24:32 [notice] 1#1: signal 17 (SIGCHLD) received from 37
2025/05/12 04:24:32 [notice] 1#1: worker process 37 exited with code 0
2025/05/12 04:24:32 [notice] 1#1: signal 29 (SIGIO) received
2025/05/12 04:24:32 [notice] 1#1: signal 17 (SIGCHLD) received from 38
2025/05/12 04:24:32 [notice] 1#1: worker process 38 exited with code 0
2025/05/12 04:24:32 [notice] 1#1: signal 29 (SIGIO) received
2025/05/12 04:24:32 [notice] 1#1: signal 17 (SIGCHLD) received from 36
2025/05/12 04:24:32 [notice] 1#1: worker process 36 exited with code 0
2025/05/12 04:24:32 [notice] 1#1: worker process 34 exited with code 0
2025/05/12 04:24:32 [notice] 1#1: worker process 30 exited with code 0
2025/05/12 04:24:32 [notice] 1#1: exit
2025/05/12 04:51:53 [emerg] 1#1: cannot load certificate "/etc/letsencrypt/live/planning.certusbuild.com/fullchain.pem": BIO_new_file() failed (SSL: error:80000002:system library::No such file or directory:calling fopen(/etc/letsencrypt/live/planning.certusbuild.com/fullchain.pem, r) error:10000080:BIO routines::no such file)
2025/05/12 04:51:53 [emerg] 1#1: cannot load certificate "/etc/letsencrypt/live/planning.certusbuild.com/fullchain.pem": BIO_new_file() failed (SSL: error:80000002:system library::No such file or directory:calling fopen(/etc/letsencrypt/live/planning.certusbuild.com/fullchain.pem, r) error:10000080:BIO routines::no such file)
2025/05/12 04:51:54 [emerg] 1#1: cannot load certificate "/etc/letsencrypt/live/planning.certusbuild.com/fullchain.pem": BIO_new_file() failed (SSL: error:80000002:system library::No such file or directory:calling fopen(/etc/letsencrypt/live/planning.certusbuild.com/fullchain.pem, r) error:10000080:BIO routines::no such file)
2025/05/12 04:51:55 [emerg] 1#1: cannot load certificate "/etc/letsencrypt/live/planning.certusbuild.com/fullchain.pem": BIO_new_file() failed (SSL: error:80000002:system library::No such file or directory:calling fopen(/etc/letsencrypt/live/planning.certusbuild.com/fullchain.pem, r) error:10000080:BIO routines::no such file)
2025/05/12 04:51:56 [emerg] 1#1: cannot load certificate "/etc/letsencrypt/live/planning.certusbuild.com/fullchain.pem": BIO_new_file() failed (SSL: error:80000002:system library::No such file or directory:calling fopen(/etc/letsencrypt/live/planning.certusbuild.com/fullchain.pem, r) error:10000080:BIO routines::no such file)
2025/05/12 04:51:58 [emerg] 1#1: cannot load certificate "/etc/letsencrypt/live/planning.certusbuild.com/fullchain.pem": BIO_new_file() failed (SSL: error:80000002:system library::No such file or directory:calling fopen(/etc/letsencrypt/live/planning.certusbuild.com/fullchain.pem, r) error:10000080:BIO routines::no such file)
2025/05/12 04:52:02 [emerg] 1#1: cannot load certificate "/etc/letsencrypt/live/planning.certusbuild.com/fullchain.pem": BIO_new_file() failed (SSL: error:80000002:system library::No such file or directory:calling fopen(/etc/letsencrypt/live/planning.certusbuild.com/fullchain.pem, r) error:10000080:BIO routines::no such file)
2025/05/12 04:52:09 [emerg] 1#1: cannot load certificate "/etc/letsencrypt/live/planning.certusbuild.com/fullchain.pem": BIO_new_file() failed (SSL: error:80000002:system library::No such file or directory:calling fopen(/etc/letsencrypt/live/planning.certusbuild.com/fullchain.pem, r) error:10000080:BIO routines::no such file)
2025/05/12 04:52:22 [emerg] 1#1: cannot load certificate "/etc/letsencrypt/live/planning.certusbuild.com/fullchain.pem": BIO_new_file() failed (SSL: error:80000002:system library::No such file or directory:calling fopen(/etc/letsencrypt/live/planning.certusbuild.com/fullchain.pem, r) error:10000080:BIO routines::no such file)
2025/05/12 04:52:48 [emerg] 1#1: cannot load certificate "/etc/letsencrypt/live/planning.certusbuild.com/fullchain.pem": BIO_new_file() failed (SSL: error:80000002:system library::No such file or directory:calling fopen(/etc/letsencrypt/live/planning.certusbuild.com/fullchain.pem, r) error:10000080:BIO routines::no such file)
2025/05/12 04:53:40 [emerg] 1#1: cannot load certificate "/etc/letsencrypt/live/planning.certusbuild.com/fullchain.pem": BIO_new_file() failed (SSL: error:80000002:system library::No such file or directory:calling fopen(/etc/letsencrypt/live/planning.certusbuild.com/fullchain.pem, r) error:10000080:BIO routines::no such file)
2025/05/12 04:54:40 [emerg] 1#1: cannot load certificate "/etc/letsencrypt/live/planning.certusbuild.com/fullchain.pem": BIO_new_file() failed (SSL: error:80000002:system library::No such file or directory:calling fopen(/etc/letsencrypt/live/planning.certusbuild.com/fullchain.pem, r) error:10000080:BIO routines::no such file)
2025/05/12 04:55:41 [emerg] 1#1: cannot load certificate "/etc/letsencrypt/live/planning.certusbuild.com/fullchain.pem": BIO_new_file() failed (SSL: error:80000002:system library::No such file or directory:calling fopen(/etc/letsencrypt/live/planning.certusbuild.com/fullchain.pem, r) error:10000080:BIO routines::no such file)
2025/05/12 04:56:41 [emerg] 1#1: cannot load certificate "/etc/letsencrypt/live/planning.certusbuild.com/fullchain.pem": BIO_new_file() failed (SSL: error:80000002:system library::No such file or directory:calling fopen(/etc/letsencrypt/live/planning.certusbuild.com/fullchain.pem, r) error:10000080:BIO routines::no such file)
2025/05/12 04:57:42 [emerg] 1#1: cannot load certificate "/etc/letsencrypt/live/planning.certusbuild.com/fullchain.pem": BIO_new_file() failed (SSL: error:80000002:system library::No such file or directory:calling fopen(/etc/letsencrypt/live/planning.certusbuild.com/fullchain.pem, r) error:10000080:BIO routines::no such file)
2025/05/12 04:58:42 [emerg] 1#1: cannot load certificate "/etc/letsencrypt/live/planning.certusbuild.com/fullchain.pem": BIO_new_file() failed (SSL: error:80000002:system library::No such file or directory:calling fopen(/etc/letsencrypt/live/planning.certusbuild.com/fullchain.pem, r) error:10000080:BIO routines::no such file)
2025/05/12 04:59:43 [emerg] 1#1: cannot load certificate "/etc/letsencrypt/live/planning.certusbuild.com/fullchain.pem": BIO_new_file() failed (SSL: error:80000002:system library::No such file or directory:calling fopen(/etc/letsencrypt/live/planning.certusbuild.com/fullchain.pem, r) error:10000080:BIO routines::no such file)
2025/05/12 05:00:43 [emerg] 1#1: cannot load certificate "/etc/letsencrypt/live/planning.certusbuild.com/fullchain.pem": BIO_new_file() failed (SSL: error:80000002:system library::No such file or directory:calling fopen(/etc/letsencrypt/live/planning.certusbuild.com/fullchain.pem, r) error:10000080:BIO routines::no such file)
2025/05/12 05:01:38 [notice] 1#1: using the "epoll" event method
2025/05/12 05:01:38 [notice] 1#1: nginx/1.28.0
2025/05/12 05:01:38 [notice] 1#1: built by gcc 14.2.0 (Alpine 14.2.0) 
2025/05/12 05:01:38 [notice] 1#1: OS: Linux 6.8.8-2-pve
2025/05/12 05:01:38 [notice] 1#1: getrlimit(RLIMIT_NOFILE): 1048576:1048576
2025/05/12 05:01:38 [notice] 1#1: start worker processes
2025/05/12 05:01:38 [notice] 1#1: start worker process 30
2025/05/12 05:12:03 [notice] 1#1: signal 3 (SIGQUIT) received, shutting down
2025/05/12 05:12:03 [notice] 30#30: gracefully shutting down
2025/05/12 05:12:03 [notice] 30#30: exiting
2025/05/12 05:12:03 [notice] 30#30: exit
2025/05/12 05:12:03 [notice] 1#1: signal 17 (SIGCHLD) received from 30
2025/05/12 05:12:03 [notice] 1#1: worker process 30 exited with code 0
2025/05/12 05:12:03 [notice] 1#1: exit
2025/05/12 05:13:08 [notice] 1#1: using the "epoll" event method
2025/05/12 05:13:08 [notice] 1#1: nginx/1.28.0
2025/05/12 05:13:08 [notice] 1#1: built by gcc 14.2.0 (Alpine 14.2.0) 
2025/05/12 05:13:08 [notice] 1#1: OS: Linux 6.8.8-2-pve
2025/05/12 05:13:08 [notice] 1#1: getrlimit(RLIMIT_NOFILE): 1048576:1048576
2025/05/12 05:13:08 [notice] 1#1: start worker processes
2025/05/12 05:13:08 [notice] 1#1: start worker process 30
2025/05/12 05:13:42 [error] 30#30: *1 upstream prematurely closed connection while reading upstream, client: 172.21.0.1, server: planning.certusbuild.com, request: "GET / HTTP/1.1", upstream: "http://172.21.0.3:5000/", host: "planning.certusbuild.com"
2025/05/12 05:13:42 [error] 30#30: *3 connect() failed (111: Connection refused) while connecting to upstream, client: 172.21.0.1, server: planning.certusbuild.com, request: "GET /auth/login HTTP/1.1", upstream: "http://172.21.0.3:5000/auth/login", host: "planning.certusbuild.com"
2025/05/12 05:13:42 [error] 30#30: *5 connect() failed (111: Connection refused) while connecting to upstream, client: 172.21.0.1, server: planning.certusbuild.com, request: "GET /favicon.ico HTTP/1.1", upstream: "http://172.21.0.3:5000/favicon.ico", host: "planning.certusbuild.com", referrer: "https://planning.certusbuild.com/auth/login"
2025/05/12 05:14:59 [error] 30#30: *9 upstream prematurely closed connection while reading upstream, client: 172.21.0.1, server: planning.certusbuild.com, request: "GET / HTTP/1.1", upstream: "http://172.21.0.3:5000/", host: "planning.certusbuild.com"
2025/05/12 05:14:59 [error] 30#30: *11 connect() failed (111: Connection refused) while connecting to upstream, client: 172.21.0.1, server: planning.certusbuild.com, request: "GET /auth/login HTTP/1.1", upstream: "http://172.21.0.3:5000/auth/login", host: "planning.certusbuild.com"
2025/05/12 05:25:38 [error] 30#30: *13 upstream prematurely closed connection while reading upstream, client: 172.21.0.1, server: planning.certusbuild.com, request: "GET / HTTP/1.1", upstream: "http://172.21.0.3:5000/", host: "planning.certusbuild.com"
2025/05/12 05:27:30 [notice] 1#1: signal 3 (SIGQUIT) received, shutting down
2025/05/12 05:27:30 [notice] 30#30: gracefully shutting down
2025/05/12 05:27:30 [notice] 30#30: exiting
2025/05/12 05:27:30 [notice] 30#30: exit
2025/05/12 05:27:30 [notice] 1#1: signal 17 (SIGCHLD) received from 30
2025/05/12 05:27:30 [notice] 1#1: worker process 30 exited with code 0
2025/05/12 05:27:30 [notice] 1#1: exit
2025/05/12 05:31:29 [notice] 1#1: using the "epoll" event method
2025/05/12 05:31:29 [notice] 1#1: nginx/1.28.0
2025/05/12 05:31:29 [notice] 1#1: built by gcc 14.2.0 (Alpine 14.2.0) 
2025/05/12 05:31:29 [notice] 1#1: OS: Linux 6.8.8-2-pve
2025/05/12 05:31:29 [notice] 1#1: getrlimit(RLIMIT_NOFILE): 1048576:1048576
2025/05/12 05:31:29 [notice] 1#1: start worker processes
2025/05/12 05:31:29 [notice] 1#1: start worker process 30
2025/05/12 17:53:24 [notice] 1#1: signal 3 (SIGQUIT) received, shutting down
2025/05/12 17:53:24 [notice] 30#30: gracefully shutting down
2025/05/12 17:53:24 [notice] 30#30: exiting
2025/05/12 17:53:24 [notice] 30#30: exit
2025/05/12 17:53:24 [notice] 1#1: signal 17 (SIGCHLD) received from 30
2025/05/12 17:53:24 [notice] 1#1: worker process 30 exited with code 0
2025/05/12 17:53:24 [notice] 1#1: exit
2025/05/12 17:53:37 [notice] 1#1: using the "epoll" event method
2025/05/12 17:53:37 [notice] 1#1: nginx/1.28.0
2025/05/12 17:53:37 [notice] 1#1: built by gcc 14.2.0 (Alpine 14.2.0) 
2025/05/12 17:53:37 [notice] 1#1: OS: Linux 6.8.8-2-pve
2025/05/12 17:53:37 [notice] 1#1: getrlimit(RLIMIT_NOFILE): 1048576:1048576
2025/05/12 17:53:37 [notice] 1#1: start worker processes
2025/05/12 17:53:37 [notice] 1#1: start worker process 22
2025/05/12 17:54:52 [notice] 1#1: signal 3 (SIGQUIT) received, shutting down
2025/05/12 17:54:52 [notice] 22#22: gracefully shutting down
2025/05/12 17:54:52 [notice] 22#22: exiting
2025/05/12 17:54:52 [notice] 22#22: exit
2025/05/12 17:54:52 [notice] 1#1: signal 17 (SIGCHLD) received from 22
2025/05/12 17:54:52 [notice] 1#1: worker process 22 exited with code 0
2025/05/12 17:54:52 [notice] 1#1: exit
2025/05/12 17:54:53 [notice] 1#1: using the "epoll" event method
2025/05/12 17:54:53 [notice] 1#1: nginx/1.28.0
2025/05/12 17:54:53 [notice] 1#1: built by gcc 14.2.0 (Alpine 14.2.0) 
2025/05/12 17:54:53 [notice] 1#1: OS: Linux 6.8.8-2-pve
2025/05/12 17:54:53 [notice] 1#1: getrlimit(RLIMIT_NOFILE): 1048576:1048576
2025/05/12 17:54:53 [notice] 1#1: start worker processes
2025/05/12 17:54:53 [notice] 1#1: start worker process 22
2025/05/12 17:55:29 [notice] 1#1: signal 3 (SIGQUIT) received, shutting down
2025/05/12 17:55:29 [notice] 22#22: gracefully shutting down
2025/05/12 17:55:29 [notice] 22#22: exiting
2025/05/12 17:55:29 [notice] 22#22: exit
2025/05/12 17:55:29 [notice] 1#1: signal 17 (SIGCHLD) received from 22
2025/05/12 17:55:29 [notice] 1#1: worker process 22 exited with code 0
2025/05/12 17:55:29 [notice] 1#1: exit
2025/05/12 18:22:27 [notice] 1#1: using the "epoll" event method
2025/05/12 18:22:27 [notice] 1#1: nginx/1.28.0
2025/05/12 18:22:27 [notice] 1#1: built by gcc 14.2.0 (Alpine 14.2.0) 
2025/05/12 18:22:27 [notice] 1#1: OS: Linux 6.8.8-2-pve
2025/05/12 18:22:27 [notice] 1#1: getrlimit(RLIMIT_NOFILE): 1048576:1048576
2025/05/12 18:22:27 [notice] 1#1: start worker processes
2025/05/12 18:22:27 [notice] 1#1: start worker process 30
2025/05/12 18:22:39 [error] 30#30: *1 connect() failed (111: Connection refused) while connecting to upstream, client: 172.21.0.1, server: planning.certusbuild.com, request: "GET / HTTP/1.1", upstream: "http://172.21.0.3:5000/", host: "planning.certusbuild.com"
2025/05/12 18:22:40 [error] 30#30: *3 connect() failed (111: Connection refused) while connecting to upstream, client: 172.21.0.1, server: planning.certusbuild.com, request: "GET /favicon.ico HTTP/1.1", upstream: "http://172.21.0.3:5000/favicon.ico", host: "planning.certusbuild.com", referrer: "https://planning.certusbuild.com/"
2025/05/12 18:23:42 [notice] 1#1: signal 3 (SIGQUIT) received, shutting down
2025/05/12 18:23:42 [notice] 30#30: gracefully shutting down
2025/05/12 18:23:42 [notice] 30#30: exiting
2025/05/12 18:23:42 [notice] 30#30: exit
2025/05/12 18:23:42 [notice] 1#1: signal 17 (SIGCHLD) received from 30
2025/05/12 18:23:42 [notice] 1#1: worker process 30 exited with code 0
2025/05/12 18:23:42 [notice] 1#1: exit
2025/05/12 18:24:19 [notice] 1#1: using the "epoll" event method
2025/05/12 18:24:19 [notice] 1#1: nginx/1.28.0
2025/05/12 18:24:19 [notice] 1#1: built by gcc 14.2.0 (Alpine 14.2.0) 
2025/05/12 18:24:19 [notice] 1#1: OS: Linux 6.8.8-2-pve
2025/05/12 18:24:19 [notice] 1#1: getrlimit(RLIMIT_NOFILE): 1048576:1048576
2025/05/12 18:24:19 [notice] 1#1: start worker processes
2025/05/12 18:24:19 [notice] 1#1: start worker process 30
2025/05/12 18:25:44 [notice] 1#1: signal 3 (SIGQUIT) received, shutting down
2025/05/12 18:25:44 [notice] 30#30: gracefully shutting down
2025/05/12 18:25:44 [notice] 30#30: exiting
2025/05/12 18:25:44 [notice] 30#30: exit
2025/05/12 18:25:44 [notice] 1#1: signal 17 (SIGCHLD) received from 30
2025/05/12 18:25:44 [notice] 1#1: worker process 30 exited with code 0
2025/05/12 18:25:44 [notice] 1#1: exit
2025/05/12 18:26:23 [notice] 1#1: using the "epoll" event method
2025/05/12 18:26:23 [notice] 1#1: nginx/1.28.0
2025/05/12 18:26:23 [notice] 1#1: built by gcc 14.2.0 (Alpine 14.2.0) 
2025/05/12 18:26:23 [notice] 1#1: OS: Linux 6.8.8-2-pve
2025/05/12 18:26:23 [notice] 1#1: getrlimit(RLIMIT_NOFILE): 1048576:1048576
2025/05/12 18:26:23 [notice] 1#1: start worker processes
2025/05/12 18:26:23 [notice] 1#1: start worker process 30
2025/05/12 19:18:14 [error] 30#30: *1 connect() failed (113: Host is unreachable) while connecting to upstream, client: 172.21.0.1, server: planning.certusbuild.com, request: "GET / HTTP/1.1", upstream: "http://172.21.0.3:18000/", host: "planning.certusbuild.com"
2025/05/12 19:18:26 [error] 30#30: *3 connect() failed (113: Host is unreachable) while connecting to upstream, client: 172.21.0.1, server: planning.certusbuild.com, request: "GET / HTTP/1.1", upstream: "http://172.21.0.3:18000/", host: "planning.certusbuild.com"
2025/05/12 19:25:31 [error] 30#30: *5 connect() failed (113: Host is unreachable) while connecting to upstream, client: 172.21.0.1, server: planning.certusbuild.com, request: "GET / HTTP/1.1", upstream: "http://172.21.0.3:18000/", host: "planning.certusbuild.com"
2025/05/12 19:58:51 [notice] 1#1: using the "epoll" event method
2025/05/12 19:58:51 [notice] 1#1: nginx/1.28.0
2025/05/12 19:58:51 [notice] 1#1: built by gcc 14.2.0 (Alpine 14.2.0) 
2025/05/12 19:58:51 [notice] 1#1: OS: Linux 6.8.8-2-pve
2025/05/12 19:58:51 [notice] 1#1: getrlimit(RLIMIT_NOFILE): 1048576:1048576
2025/05/12 19:58:51 [notice] 1#1: start worker processes
2025/05/12 19:58:51 [notice] 1#1: start worker process 23
2025/05/12 19:59:18 [error] 23#23: *1 connect() failed (111: Connection refused) while connecting to upstream, client: 172.21.0.1, server: planning.certusbuild.com, request: "GET / HTTP/1.1", upstream: "http://172.21.0.3:18000/", host: "planning.certusbuild.com"
2025/05/12 20:00:07 [notice] 1#1: signal 3 (SIGQUIT) received, shutting down
2025/05/12 20:00:07 [notice] 23#23: gracefully shutting down
2025/05/12 20:00:07 [notice] 23#23: exiting
2025/05/12 20:00:07 [notice] 23#23: exit
2025/05/12 20:00:07 [notice] 1#1: signal 17 (SIGCHLD) received from 23
2025/05/12 20:00:07 [notice] 1#1: worker process 23 exited with code 0
2025/05/12 20:00:07 [notice] 1#1: exit
2025/05/12 20:00:19 [notice] 1#1: using the "epoll" event method
2025/05/12 20:00:19 [notice] 1#1: nginx/1.28.0
2025/05/12 20:00:19 [notice] 1#1: built by gcc 14.2.0 (Alpine 14.2.0) 
2025/05/12 20:00:19 [notice] 1#1: OS: Linux 6.8.8-2-pve
2025/05/12 20:00:19 [notice] 1#1: getrlimit(RLIMIT_NOFILE): 1048576:1048576
2025/05/12 20:00:19 [notice] 1#1: start worker processes
2025/05/12 20:00:19 [notice] 1#1: start worker process 22
2025/05/12 20:00:26 [error] 22#22: *3 connect() failed (111: Connection refused) while connecting to upstream, client: 172.21.0.1, server: planning.certusbuild.com, request: "GET /css/main_style.css HTTP/1.1", upstream: "http://172.21.0.3:5000/css/main_style.css", host: "planning.certusbuild.com", referrer: "https://planning.certusbuild.com/"
2025/05/12 20:00:26 [error] 22#22: *6 connect() failed (111: Connection refused) while connecting to upstream, client: 172.21.0.1, server: planning.certusbuild.com, request: "GET /css/responsive-fixes.css HTTP/1.1", upstream: "http://172.21.0.3:5000/css/responsive-fixes.css", host: "planning.certusbuild.com", referrer: "https://planning.certusbuild.com/"
2025/05/12 20:00:26 [error] 22#22: *4 connect() failed (111: Connection refused) while connecting to upstream, client: 172.21.0.1, server: planning.certusbuild.com, request: "GET /css/markdown-styles.css HTTP/1.1", upstream: "http://172.21.0.3:5000/css/markdown-styles.css", host: "planning.certusbuild.com", referrer: "https://planning.certusbuild.com/"
2025/05/12 20:00:26 [error] 22#22: *9 connect() failed (111: Connection refused) while connecting to upstream, client: 172.21.0.1, server: planning.certusbuild.com, request: "GET /assets/logo.svg HTTP/1.1", upstream: "http://172.21.0.3:5000/assets/logo.svg", host: "planning.certusbuild.com", referrer: "https://planning.certusbuild.com/"
2025/05/12 20:00:26 [error] 22#22: *10 connect() failed (111: Connection refused) while connecting to upstream, client: 172.21.0.1, server: planning.certusbuild.com, request: "GET /js/markdown-renderer.js HTTP/1.1", upstream: "http://172.21.0.3:5000/js/markdown-renderer.js", host: "planning.certusbuild.com", referrer: "https://planning.certusbuild.com/"
2025/05/12 23:18:38 [error] 22#22: *29 connect() failed (111: Connection refused) while connecting to upstream, client: 172.21.0.1, server: planning.certusbuild.com, request: "GET /favicon.ico HTTP/1.1", upstream: "http://172.21.0.3:5000/favicon.ico", host: "planning.certusbuild.com"
2025/05/12 23:52:52 [error] 22#22: *33 connect() failed (111: Connection refused) while connecting to upstream, client: 172.21.0.1, server: planning.certusbuild.com, request: "GET /favicon.ico HTTP/1.1", upstream: "http://172.21.0.3:5000/favicon.ico", host: "planning.certusbuild.com"
2025/05/13 04:41:51 [error] 22#22: *39 connect() failed (111: Connection refused) while connecting to upstream, client: 172.21.0.1, server: planning.certusbuild.com, request: "GET /favicon.ico HTTP/1.1", upstream: "http://172.21.0.3:5000/favicon.ico", host: "planning.certusbuild.com"
2025/05/13 05:19:46 [notice] 1#1: signal 3 (SIGQUIT) received, shutting down
2025/05/13 05:19:46 [notice] 22#22: gracefully shutting down
2025/05/13 05:19:46 [notice] 22#22: exiting
2025/05/13 05:19:46 [notice] 22#22: exit
2025/05/13 05:19:46 [notice] 1#1: signal 17 (SIGCHLD) received from 22
2025/05/13 05:19:46 [notice] 1#1: worker process 22 exited with code 0
2025/05/13 05:19:46 [notice] 1#1: exit
2025/05/13 05:28:25 [notice] 1#1: using the "epoll" event method
2025/05/13 05:28:25 [notice] 1#1: nginx/1.28.0
2025/05/13 05:28:25 [notice] 1#1: built by gcc 14.2.0 (Alpine 14.2.0) 
2025/05/13 05:28:25 [notice] 1#1: OS: Linux 6.8.8-2-pve
2025/05/13 05:28:25 [notice] 1#1: getrlimit(RLIMIT_NOFILE): 1048576:1048576
2025/05/13 05:28:25 [notice] 1#1: start worker processes
2025/05/13 05:28:25 [notice] 1#1: start worker process 30
2025/05/13 05:28:55 [error] 30#30: *3 connect() failed (111: Connection refused) while connecting to upstream, client: 172.21.0.1, server: planning.certusbuild.com, request: "GET /css/main_style.css HTTP/1.1", upstream: "http://172.21.0.3:5000/css/main_style.css", host: "planning.certusbuild.com", referrer: "https://planning.certusbuild.com/"
2025/05/13 05:28:55 [error] 30#30: *4 connect() failed (111: Connection refused) while connecting to upstream, client: 172.21.0.1, server: planning.certusbuild.com, request: "GET /css/responsive-fixes.css HTTP/1.1", upstream: "http://172.21.0.3:5000/css/responsive-fixes.css", host: "planning.certusbuild.com", referrer: "https://planning.certusbuild.com/"
2025/05/13 05:28:55 [error] 30#30: *5 connect() failed (111: Connection refused) while connecting to upstream, client: 172.21.0.1, server: planning.certusbuild.com, request: "GET /css/markdown-styles.css HTTP/1.1", upstream: "http://172.21.0.3:5000/css/markdown-styles.css", host: "planning.certusbuild.com", referrer: "https://planning.certusbuild.com/"
2025/05/13 05:28:55 [error] 30#30: *9 connect() failed (111: Connection refused) while connecting to upstream, client: 172.21.0.1, server: planning.certusbuild.com, request: "GET /assets/logo.svg HTTP/1.1", upstream: "http://172.21.0.3:5000/assets/logo.svg", host: "planning.certusbuild.com", referrer: "https://planning.certusbuild.com/"
2025/05/13 05:28:55 [error] 30#30: *10 connect() failed (111: Connection refused) while connecting to upstream, client: 172.21.0.1, server: planning.certusbuild.com, request: "GET /js/markdown-renderer.js HTTP/1.1", upstream: "http://172.21.0.3:5000/js/markdown-renderer.js", host: "planning.certusbuild.com", referrer: "https://planning.certusbuild.com/"
2025/05/13 05:29:28 [notice] 1#1: signal 3 (SIGQUIT) received, shutting down
2025/05/13 05:29:28 [notice] 30#30: gracefully shutting down
2025/05/13 05:29:28 [notice] 30#30: exiting
2025/05/13 05:29:28 [notice] 30#30: exit
2025/05/13 05:29:28 [notice] 1#1: signal 17 (SIGCHLD) received from 30
2025/05/13 05:29:28 [notice] 1#1: worker process 30 exited with code 0
2025/05/13 05:29:28 [notice] 1#1: exit
2025/05/13 05:31:28 [notice] 1#1: using the "epoll" event method
2025/05/13 05:31:28 [notice] 1#1: nginx/1.28.0
2025/05/13 05:31:28 [notice] 1#1: built by gcc 14.2.0 (Alpine 14.2.0) 
2025/05/13 05:31:28 [notice] 1#1: OS: Linux 6.8.8-2-pve
2025/05/13 05:31:28 [notice] 1#1: getrlimit(RLIMIT_NOFILE): 1048576:1048576
2025/05/13 05:31:28 [notice] 1#1: start worker processes
2025/05/13 05:31:28 [notice] 1#1: start worker process 30
2025/05/13 05:31:49 [notice] 1#1: signal 3 (SIGQUIT) received, shutting down
2025/05/13 05:31:49 [notice] 30#30: gracefully shutting down
2025/05/13 05:31:49 [notice] 30#30: exiting
2025/05/13 05:31:49 [notice] 30#30: exit
2025/05/13 05:31:49 [notice] 1#1: signal 17 (SIGCHLD) received from 30
2025/05/13 05:31:49 [notice] 1#1: worker process 30 exited with code 0
2025/05/13 05:31:49 [notice] 1#1: exit
2025/05/13 13:48:30 [notice] 1#1: using the "epoll" event method
2025/05/13 13:48:30 [notice] 1#1: nginx/1.28.0
2025/05/13 13:48:30 [notice] 1#1: built by gcc 14.2.0 (Alpine 14.2.0) 
2025/05/13 13:48:30 [notice] 1#1: OS: Linux 6.8.8-2-pve
2025/05/13 13:48:30 [notice] 1#1: getrlimit(RLIMIT_NOFILE): 1048576:1048576
2025/05/13 13:48:30 [notice] 1#1: start worker processes
2025/05/13 13:48:30 [notice] 1#1: start worker process 30
2025/05/13 13:48:48 [error] 30#30: *3 connect() failed (113: Host is unreachable) while connecting to upstream, client: 172.21.0.1, server: planning.certusbuild.com, request: "GET / HTTP/1.1", upstream: "http://172.21.0.3:18000/", host: "planning.certusbuild.com"
2025/05/13 13:48:48 [error] 30#30: *5 connect() failed (111: Connection refused) while connecting to upstream, client: 172.21.0.1, server: planning.certusbuild.com, request: "GET /favicon.ico HTTP/1.1", upstream: "http://172.21.0.3:5000/favicon.ico", host: "planning.certusbuild.com", referrer: "http://planning.certusbuild.com/"
2025/05/13 13:50:47 [error] 30#30: *7 connect() failed (113: Host is unreachable) while connecting to upstream, client: 172.21.0.1, server: planning.certusbuild.com, request: "GET / HTTP/1.1", upstream: "http://172.21.0.3:18000/", host: "planning.certusbuild.com", referrer: "http://45.79.162.106:81/"
2025/05/13 14:01:45 [notice] 1#1: signal 3 (SIGQUIT) received, shutting down
2025/05/13 14:01:45 [notice] 30#30: gracefully shutting down
2025/05/13 14:01:45 [notice] 30#30: exiting
2025/05/13 14:01:45 [notice] 30#30: exit
2025/05/13 14:01:45 [notice] 1#1: signal 17 (SIGCHLD) received from 30
2025/05/13 14:01:45 [notice] 1#1: worker process 30 exited with code 0
2025/05/13 14:01:45 [notice] 1#1: exit
2025/05/13 14:01:47 [notice] 1#1: using the "epoll" event method
2025/05/13 14:01:47 [notice] 1#1: nginx/1.28.0
2025/05/13 14:01:47 [notice] 1#1: built by gcc 14.2.0 (Alpine 14.2.0) 
2025/05/13 14:01:47 [notice] 1#1: OS: Linux 6.8.8-2-pve
2025/05/13 14:01:47 [notice] 1#1: getrlimit(RLIMIT_NOFILE): 1048576:1048576
2025/05/13 14:01:47 [notice] 1#1: start worker processes
2025/05/13 14:01:47 [notice] 1#1: start worker process 22
2025/05/13 14:03:18 [notice] 1#1: signal 3 (SIGQUIT) received, shutting down
2025/05/13 14:03:18 [notice] 22#22: gracefully shutting down
2025/05/13 14:03:18 [notice] 22#22: exiting
2025/05/13 14:03:18 [notice] 22#22: exit
2025/05/13 14:03:18 [notice] 1#1: signal 17 (SIGCHLD) received from 22
2025/05/13 14:03:18 [notice] 1#1: worker process 22 exited with code 0
2025/05/13 14:03:18 [notice] 1#1: exit
2025/05/13 14:03:40 [notice] 1#1: using the "epoll" event method
2025/05/13 14:03:40 [notice] 1#1: nginx/1.28.0
2025/05/13 14:03:40 [notice] 1#1: built by gcc 14.2.0 (Alpine 14.2.0) 
2025/05/13 14:03:40 [notice] 1#1: OS: Linux 6.8.8-2-pve
2025/05/13 14:03:40 [notice] 1#1: getrlimit(RLIMIT_NOFILE): 1048576:1048576
2025/05/13 14:03:40 [notice] 1#1: start worker processes
2025/05/13 14:03:40 [notice] 1#1: start worker process 30
2025/05/13 14:04:57 [notice] 1#1: signal 3 (SIGQUIT) received, shutting down
2025/05/13 14:04:57 [notice] 30#30: gracefully shutting down
2025/05/13 14:04:57 [notice] 30#30: exiting
2025/05/13 14:04:57 [notice] 30#30: exit
2025/05/13 14:04:57 [notice] 1#1: signal 17 (SIGCHLD) received from 30
2025/05/13 14:04:57 [notice] 1#1: worker process 30 exited with code 0
2025/05/13 14:04:57 [notice] 1#1: exit
2025/05/13 14:10:07 [notice] 1#1: using the "epoll" event method
2025/05/13 14:10:07 [notice] 1#1: nginx/1.28.0
2025/05/13 14:10:07 [notice] 1#1: built by gcc 14.2.0 (Alpine 14.2.0) 
2025/05/13 14:10:07 [notice] 1#1: OS: Linux 6.8.8-2-pve
2025/05/13 14:10:07 [notice] 1#1: getrlimit(RLIMIT_NOFILE): 1048576:1048576
2025/05/13 14:10:07 [notice] 1#1: start worker processes
2025/05/13 14:10:07 [notice] 1#1: start worker process 30
